<?xml version="1.0" encoding="UTF-8"?>
<testng-results skipped="0" failed="0" total="1" passed="1">
  <reporter-output>
  </reporter-output>
  <suite name="Default suite" duration-ms="28327" started-at="2016-03-19T09:08:48Z" finished-at="2016-03-19T09:09:17Z">
    <groups>
    </groups>
    <test name="Default test" duration-ms="28327" started-at="2016-03-19T09:08:48Z" finished-at="2016-03-19T09:09:17Z">
      <class name="com.facebook.TestCases.FindAFriend">
        <test-method status="PASS" signature="findMyFriend()[pri:0, instance:com.facebook.TestCases.FindAFriend@c3fd8b]" name="findMyFriend" duration-ms="28315" started-at="2016-03-19T14:38:48Z" finished-at="2016-03-19T14:39:17Z">
          <reporter-output>
          </reporter-output>
        </test-method> <!-- findMyFriend -->
      </class> <!-- com.facebook.TestCases.FindAFriend -->
    </test> <!-- Default test -->
  </suite> <!-- Default suite -->
</testng-results>
